<?xml version="1.0" encoding="UTF-8"?>
<!-- Generated by org.testng.reporters.JUnitReportReporter -->
<testsuite hostname="INENWADHWA2L1C" name="testFramework.ArcherTest" tests="1" failures="0" timestamp="13 Jul 2018 11:13:35 GMT" time="11.671" errors="0">
  <testcase name="createSolution" time="11.671" classname="testFramework.ArcherTest"/>
</testsuite> <!-- testFramework.ArcherTest -->
