<?xml version="1.0" encoding="UTF-8"?>
<!-- Generated by org.testng.reporters.JUnitReportReporter -->
<testsuite hostname="LEUS000046FLX52" name="testFramework.AirAsiaTest" tests="1" failures="0" timestamp="4 Jun 2018 09:21:31 GMT" time="12.167" errors="0">
  <testcase name="bookTicket" time="12.167" classname="testFramework.AirAsiaTest"/>
</testsuite> <!-- testFramework.AirAsiaTest -->
